0 info it worked if it ends with ok
1 verbose cli [ '/usr/local/bin/node',
1 verbose cli   '/usr/local/bin/npm',
1 verbose cli   'install',
1 verbose cli   'connect' ]
2 info using npm@1.3.11
3 info using node@v0.10.20
4 warn package.json connect-redis@1.4.5 No repository field.
5 verbose readDependencies using package.json deps
6 verbose cache add [ 'connect', null ]
7 verbose cache add name=undefined spec="connect" args=["connect",null]
8 verbose parsed url { protocol: null,
8 verbose parsed url   slashes: null,
8 verbose parsed url   auth: null,
8 verbose parsed url   host: null,
8 verbose parsed url   port: null,
8 verbose parsed url   hostname: null,
8 verbose parsed url   hash: null,
8 verbose parsed url   search: null,
8 verbose parsed url   query: null,
8 verbose parsed url   pathname: 'connect',
8 verbose parsed url   path: 'connect',
8 verbose parsed url   href: 'connect' }
9 silly lockFile f11a107f-connect connect
10 verbose lock connect /home/santiago/.npm/f11a107f-connect.lock
11 silly lockFile f11a107f-connect connect
12 silly lockFile f11a107f-connect connect
13 verbose addNamed [ 'connect', '' ]
14 verbose addNamed [ null, '*' ]
15 silly lockFile 6c45e0f3-connect connect@
16 verbose lock connect@ /home/santiago/.npm/6c45e0f3-connect.lock
17 silly addNameRange { name: 'connect', range: '*', hasData: false }
18 verbose url raw connect
19 verbose url resolving [ 'https://registry.npmjs.org/', './connect' ]
20 verbose url resolved https://registry.npmjs.org/connect
21 info trying registry request attempt 1 at 22:04:22
22 http GET https://registry.npmjs.org/connect
23 info retry will retry, error on last attempt: Error: getaddrinfo EADDRINFO
24 info trying registry request attempt 2 at 22:04:52
25 http GET https://registry.npmjs.org/connect
26 info retry will retry, error on last attempt: Error: getaddrinfo EADDRINFO
27 info trying registry request attempt 3 at 22:06:12
28 http GET https://registry.npmjs.org/connect
29 silly lockFile 6c45e0f3-connect connect@
30 silly lockFile 6c45e0f3-connect connect@
31 error Error: getaddrinfo EADDRINFO
31 error     at errnoException (dns.js:37:11)
31 error     at Object.onanswer [as oncomplete] (dns.js:124:16)
32 error If you need help, you may report this log at:
32 error     <http://github.com/isaacs/npm/issues>
32 error or email it to:
32 error     <npm-@googlegroups.com>
33 error System Linux 3.8.0-31-generic
34 error command "/usr/local/bin/node" "/usr/local/bin/npm" "install" "connect"
35 error cwd /home/santiago/WebstormProjects/Backbone
36 error node -v v0.10.20
37 error npm -v 1.3.11
38 error syscall getaddrinfo
39 error code EADDRINFO
40 error errno EADDRINFO
41 verbose exit [ 1, true ]
